<?xml version="1.0" encoding="UTF-8"?>
<coverage generated="1695685051684" clover="3.2.0">
  <project timestamp="1695685051684" name="All files">
    <metrics statements="23" coveredstatements="23" conditionals="11" coveredconditionals="11" methods="3" coveredmethods="3" elements="37" coveredelements="37" complexity="0" loc="23" ncloc="23" packages="1" files="1" classes="1"/>
    <file name="fizzbuzz.js" path="C:\Users\Janneth\Documents\Imdeveloper\practicas repositorio\git-repository\pr-ctica-tdd-nodejs\fizzbuzz\fizzbuzz.js">
      <metrics statements="23" coveredstatements="23" conditionals="11" coveredconditionals="11" methods="3" coveredmethods="3"/>
      <line num="1" count="21" type="cond" truecount="1" falsecount="0"/>
      <line num="2" count="21" type="cond" truecount="1" falsecount="0"/>
      <line num="3" count="21" type="stmt"/>
      <line num="4" count="21" type="cond" truecount="2" falsecount="0"/>
      <line num="5" count="3" type="stmt"/>
      <line num="6" count="3" type="cond" truecount="1" falsecount="0"/>
      <line num="7" count="21" type="cond" truecount="1" falsecount="0"/>
      <line num="8" count="5" type="stmt"/>
      <line num="9" count="5" type="cond" truecount="1" falsecount="0"/>
      <line num="10" count="21" type="cond" truecount="1" falsecount="0"/>
      <line num="11" count="3" type="stmt"/>
      <line num="12" count="3" type="cond" truecount="1" falsecount="0"/>
      <line num="13" count="10" type="stmt"/>
      <line num="14" count="10" type="stmt"/>
      <line num="15" count="1" type="cond" truecount="1" falsecount="0"/>
      <line num="16" count="1" type="cond" truecount="1" falsecount="0"/>
      <line num="17" count="17" type="stmt"/>
      <line num="18" count="17" type="stmt"/>
      <line num="19" count="1" type="stmt"/>
      <line num="20" count="1" type="stmt"/>
      <line num="21" count="1" type="stmt"/>
      <line num="22" count="1" type="stmt"/>
      <line num="23" count="1" type="stmt"/>
    </file>
  </project>
</coverage>
