{"C:\\Users\\Janneth\\Documents\\Imdeveloper\\practicas repositorio\\git-repository\\pr-ctica-tdd-nodejs\\fizzbuzz\\fizzbuzz.js": {"path":"C:\\Users\\Janneth\\Documents\\Imdeveloper\\practicas repositorio\\git-repository\\pr-ctica-tdd-nodejs\\fizzbuzz\\fizzbuzz.js","all":false,"statementMap":{"0":{"start":{"line":1,"column":0},"end":{"line":1,"column":27}},"1":{"start":{"line":2,"column":0},"end":{"line":2,"column":57}},"2":{"start":{"line":3,"column":0},"end":{"line":3,"column":0}},"3":{"start":{"line":4,"column":0},"end":{"line":4,"column":50}},"4":{"start":{"line":5,"column":0},"end":{"line":5,"column":26}},"5":{"start":{"line":6,"column":0},"end":{"line":6,"column":5}},"6":{"start":{"line":7,"column":0},"end":{"line":7,"column":28}},"7":{"start":{"line":8,"column":0},"end":{"line":8,"column":22}},"8":{"start":{"line":9,"column":0},"end":{"line":9,"column":5}},"9":{"start":{"line":10,"column":0},"end":{"line":10,"column":28}},"10":{"start":{"line":11,"column":0},"end":{"line":11,"column":22}},"11":{"start":{"line":12,"column":0},"end":{"line":12,"column":5}},"12":{"start":{"line":13,"column":0},"end":{"line":13,"column":18}},"13":{"start":{"line":14,"column":0},"end":{"line":14,"column":1}},"14":{"start":{"line":15,"column":0},"end":{"line":15,"column":23}},"15":{"start":{"line":16,"column":0},"end":{"line":16,"column":39}},"16":{"start":{"line":17,"column":0},"end":{"line":17,"column":42}},"17":{"start":{"line":18,"column":0},"end":{"line":18,"column":5}},"18":{"start":{"line":19,"column":0},"end":{"line":19,"column":1}},"19":{"start":{"line":20,"column":0},"end":{"line":20,"column":0}},"20":{"start":{"line":21,"column":0},"end":{"line":21,"column":10}},"21":{"start":{"line":22,"column":0},"end":{"line":22,"column":0}},"22":{"start":{"line":23,"column":0},"end":{"line":23,"column":26}}},"s":{"0":21,"1":21,"2":21,"3":21,"4":3,"5":3,"6":21,"7":5,"8":5,"9":21,"10":3,"11":3,"12":10,"13":10,"14":1,"15":1,"16":17,"17":17,"18":1,"19":1,"20":1,"21":1,"22":1},"branchMap":{"0":{"type":"branch","line":1,"loc":{"start":{"line":1,"column":0},"end":{"line":14,"column":1}},"locations":[{"start":{"line":1,"column":0},"end":{"line":14,"column":1}}]},"1":{"type":"branch","line":4,"loc":{"start":{"line":4,"column":26},"end":{"line":4,"column":48}},"locations":[{"start":{"line":4,"column":26},"end":{"line":4,"column":48}}]},"2":{"type":"branch","line":4,"loc":{"start":{"line":4,"column":49},"end":{"line":6,"column":5}},"locations":[{"start":{"line":4,"column":49},"end":{"line":6,"column":5}}]},"3":{"type":"branch","line":6,"loc":{"start":{"line":6,"column":4},"end":{"line":7,"column":27}},"locations":[{"start":{"line":6,"column":4},"end":{"line":7,"column":27}}]},"4":{"type":"branch","line":7,"loc":{"start":{"line":7,"column":27},"end":{"line":9,"column":5}},"locations":[{"start":{"line":7,"column":27},"end":{"line":9,"column":5}}]},"5":{"type":"branch","line":9,"loc":{"start":{"line":9,"column":4},"end":{"line":10,"column":27}},"locations":[{"start":{"line":9,"column":4},"end":{"line":10,"column":27}}]},"6":{"type":"branch","line":10,"loc":{"start":{"line":10,"column":27},"end":{"line":12,"column":5}},"locations":[{"start":{"line":10,"column":27},"end":{"line":12,"column":5}}]},"7":{"type":"branch","line":12,"loc":{"start":{"line":12,"column":4},"end":{"line":14,"column":1}},"locations":[{"start":{"line":12,"column":4},"end":{"line":14,"column":1}}]},"8":{"type":"branch","line":2,"loc":{"start":{"line":2,"column":21},"end":{"line":2,"column":57}},"locations":[{"start":{"line":2,"column":21},"end":{"line":2,"column":57}}]},"9":{"type":"branch","line":15,"loc":{"start":{"line":15,"column":0},"end":{"line":19,"column":1}},"locations":[{"start":{"line":15,"column":0},"end":{"line":19,"column":1}}]},"10":{"type":"branch","line":16,"loc":{"start":{"line":16,"column":38},"end":{"line":18,"column":5}},"locations":[{"start":{"line":16,"column":38},"end":{"line":18,"column":5}}]}},"b":{"0":[21],"1":[8],"2":[3],"3":[18],"4":[5],"5":[13],"6":[3],"7":[10],"8":[60],"9":[1],"10":[17]},"fnMap":{"0":{"name":"fizzbuzz","decl":{"start":{"line":1,"column":0},"end":{"line":14,"column":1}},"loc":{"start":{"line":1,"column":0},"end":{"line":14,"column":1}},"line":1},"1":{"name":"divisible","decl":{"start":{"line":2,"column":21},"end":{"line":2,"column":57}},"loc":{"start":{"line":2,"column":21},"end":{"line":2,"column":57}},"line":2},"2":{"name":"print","decl":{"start":{"line":15,"column":0},"end":{"line":19,"column":1}},"loc":{"start":{"line":15,"column":0},"end":{"line":19,"column":1}},"line":15}},"f":{"0":21,"1":60,"2":1}}
}
