TN:
SF:fizzbuzz\fizzbuzz.js
FN:1,fizzbuzz
FN:2,divisible
FN:15,print
FNF:3
FNH:3
FNDA:21,fizzbuzz
FNDA:60,divisible
FNDA:1,print
DA:1,21
DA:2,21
DA:3,21
DA:4,21
DA:5,3
DA:6,3
DA:7,21
DA:8,5
DA:9,5
DA:10,21
DA:11,3
DA:12,3
DA:13,10
DA:14,10
DA:15,1
DA:16,1
DA:17,17
DA:18,17
DA:19,1
DA:20,1
DA:21,1
DA:22,1
DA:23,1
LF:23
LH:23
BRDA:1,0,0,21
BRDA:4,1,0,8
BRDA:4,2,0,3
BRDA:6,3,0,18
BRDA:7,4,0,5
BRDA:9,5,0,13
BRDA:10,6,0,3
BRDA:12,7,0,10
BRDA:2,8,0,60
BRDA:15,9,0,1
BRDA:16,10,0,17
BRF:11
BRH:11
end_of_record
